# JRE version: OpenJDK Runtime Environment (8.0_242-b01) (build 1.8.0_242-release-1644-b01)
# Java VM: OpenJDK 64-Bit Server VM (25.242-b01 mixed mode windows-amd64 compressed oops)
Heap:
 PSYoungGen      total 442368K, used 41734K [0x00000000d5580000, 0x00000000fc300000, 0x0000000100000000)
  eden space 388096K, 10% used [0x00000000d5580000,0x00000000d7e41b38,0x00000000ed080000)
  from space 54272K, 0% used [0x00000000ed080000,0x00000000ed080000,0x00000000f0580000)
  to   space 94208K, 0% used [0x00000000f6700000,0x00000000f6700000,0x00000000fc300000)
 ParOldGen       total 260608K, used 166454K [0x0000000080000000, 0x000000008fe80000, 0x00000000d5580000)
  object space 260608K, 63% used [0x0000000080000000,0x000000008a28d878,0x000000008fe80000)
 Metaspace       used 92930K, capacity 97608K, committed 97880K, reserved 1134592K
  class space    used 12263K, capacity 13153K, committed 13184K, reserved 1048576K
GC Heap History (10 events):
Event: 171.806 GC heap before
{Heap before GC invocations=18 (full 4):
 PSYoungGen      total 293376K, used 281041K [0x00000000d5580000, 0x00000000f0200000, 0x0000000100000000)
  eden space 270336K, 100% used [0x00000000d5580000,0x00000000e5d80000,0x00000000e5d80000)
  from space 23040K, 46% used [0x00000000e5d80000,0x00000000e67f4680,0x00000000e7400000)
  to   space 38912K, 0% used [0x00000000edc00000,0x00000000edc00000,0x00000000f0200000)
 ParOldGen       total 133632K, used 75045K [0x0000000080000000, 0x0000000088280000, 0x00000000d5580000)
  object space 133632K, 56% used [0x0000000080000000,0x00000000849496c0,0x0000000088280000)
 Metaspace       used 70181K, capacity 73394K, committed 73688K, reserved 1112064K
  class space    used 9542K, capacity 10179K, committed 10240K, reserved 1048576K
Event: 171.942 GC heap after
Heap after GC invocations=18 (full 4):
 PSYoungGen      total 358912K, used 25297K [0x00000000d5580000, 0x00000000ef500000, 0x0000000100000000)
  eden space 333312K, 0% used [0x00000000d5580000,0x00000000d5580000,0x00000000e9b00000)
  from space 25600K, 98% used [0x00000000edc00000,0x00000000ef4b4630,0x00000000ef500000)
  to   space 40448K, 0% used [0x00000000ea600000,0x00000000ea600000,0x00000000ecd80000)
 ParOldGen       total 133632K, used 85821K [0x0000000080000000, 0x0000000088280000, 0x00000000d5580000)
  object space 133632K, 64% used [0x0000000080000000,0x00000000853cf6e0,0x0000000088280000)
 Metaspace       used 70181K, capacity 73394K, committed 73688K, reserved 1112064K
  class space    used 9542K, capacity 10179K, committed 10240K, reserved 1048576K
}
Event: 582.883 GC heap before
{Heap before GC invocations=19 (full 4):
 PSYoungGen      total 358912K, used 358609K [0x00000000d5580000, 0x00000000ef500000, 0x0000000100000000)
  eden space 333312K, 100% used [0x00000000d5580000,0x00000000e9b00000,0x00000000e9b00000)
  from space 25600K, 98% used [0x00000000edc00000,0x00000000ef4b4630,0x00000000ef500000)
  to   space 40448K, 0% used [0x00000000ea600000,0x00000000ea600000,0x00000000ecd80000)
 ParOldGen       total 133632K, used 85821K [0x0000000080000000, 0x0000000088280000, 0x00000000d5580000)
  object space 133632K, 64% used [0x0000000080000000,0x00000000853cf6e0,0x0000000088280000)
 Metaspace       used 82217K, capacity 85744K, committed 85976K, reserved 1124352K
  class space    used 10753K, capacity 11447K, committed 11520K, reserved 1048576K
Event: 582.992 GC heap after
Heap after GC invocations=19 (full 4):
 PSYoungGen      total 385024K, used 32721K [0x00000000d5580000, 0x00000000f3100000, 0x0000000100000000)
  eden space 344576K, 0% used [0x00000000d5580000,0x00000000d5580000,0x00000000ea600000)
  from space 40448K, 80% used [0x00000000ea600000,0x00000000ec5f46a0,0x00000000ecd80000)
  to   space 44544K, 0% used [0x00000000f0580000,0x00000000f0580000,0x00000000f3100000)
 ParOldGen       total 133632K, used 85829K [0x0000000080000000, 0x0000000088280000, 0x00000000d5580000)
  object space 133632K, 64% used [0x0000000080000000,0x00000000853d16e0,0x0000000088280000)
 Metaspace       used 82217K, capacity 85744K, committed 85976K, reserved 1124352K
  class space    used 10753K, capacity 11447K, committed 11520K, reserved 1048576K
}
Event: 612.625 GC heap before
{Heap before GC invocations=20 (full 4):
 PSYoungGen      total 385024K, used 377297K [0x00000000d5580000, 0x00000000f3100000, 0x0000000100000000)
  eden space 344576K, 100% used [0x00000000d5580000,0x00000000ea600000,0x00000000ea600000)
  from space 40448K, 80% used [0x00000000ea600000,0x00000000ec5f46a0,0x00000000ecd80000)
  to   space 44544K, 0% used [0x00000000f0580000,0x00000000f0580000,0x00000000f3100000)
 ParOldGen       total 133632K, used 85829K [0x0000000080000000, 0x0000000088280000, 0x00000000d5580000)
  object space 133632K, 64% used [0x0000000080000000,0x00000000853d16e0,0x0000000088280000)
 Metaspace       used 83399K, capacity 87104K, committed 87256K, reserved 1124352K
  class space    used 10812K, capacity 11511K, committed 11520K, reserved 1048576K
Event: 612.896 GC heap after
Heap after GC invocations=20 (full 4):
 PSYoungGen      total 432640K, used 44537K [0x00000000d5580000, 0x00000000f4c00000, 0x0000000100000000)
  eden space 388096K, 0% used [0x00000000d5580000,0x00000000d5580000,0x00000000ed080000)
  from space 44544K, 99% used [0x00000000f0580000,0x00000000f30fe6e8,0x00000000f3100000)
  to   space 54272K, 0% used [0x00000000ed080000,0x00000000ed080000,0x00000000f0580000)
 ParOldGen       total 133632K, used 91055K [0x0000000080000000, 0x0000000088280000, 0x00000000d5580000)
  object space 133632K, 68% used [0x0000000080000000,0x00000000858ebea8,0x0000000088280000)
 Metaspace       used 83399K, capacity 87104K, committed 87256K, reserved 1124352K
  class space    used 10812K, capacity 11511K, committed 11520K, reserved 1048576K
}
Event: 633.454 GC heap before
{Heap before GC invocations=21 (full 4):
 PSYoungGen      total 432640K, used 432633K [0x00000000d5580000, 0x00000000f4c00000, 0x0000000100000000)
  eden space 388096K, 100% used [0x00000000d5580000,0x00000000ed080000,0x00000000ed080000)
  from space 44544K, 99% used [0x00000000f0580000,0x00000000f30fe6e8,0x00000000f3100000)
  to   space 54272K, 0% used [0x00000000ed080000,0x00000000ed080000,0x00000000f0580000)
 ParOldGen       total 133632K, used 91055K [0x0000000080000000, 0x0000000088280000, 0x00000000d5580000)
  object space 133632K, 68% used [0x0000000080000000,0x00000000858ebea8,0x0000000088280000)
 Metaspace       used 92876K, capacity 97528K, committed 97624K, reserved 1134592K
  class space    used 12259K, capacity 13151K, committed 13184K, reserved 1048576K
Event: 634.373 GC heap after
Heap after GC invocations=21 (full 4):
 PSYoungGen      total 442368K, used 54248K [0x00000000d5580000, 0x00000000fc300000, 0x0000000100000000)
  eden space 388096K, 0% used [0x00000000d5580000,0x00000000d5580000,0x00000000ed080000)
  from space 54272K, 99% used [0x00000000ed080000,0x00000000f057a120,0x00000000f0580000)
  to   space 94208K, 0% used [0x00000000f6700000,0x00000000f6700000,0x00000000fc300000)
 ParOldGen       total 173568K, used 173295K [0x0000000080000000, 0x000000008a980000, 0x00000000d5580000)
  object space 173568K, 99% used [0x0000000080000000,0x000000008a93bcf0,0x000000008a980000)
 Metaspace       used 92876K, capacity 97528K, committed 97624K, reserved 1134592K
  class space    used 12259K, capacity 13151K, committed 13184K, reserved 1048576K
}
Event: 634.373 GC heap before
{Heap before GC invocations=22 (full 5):
 PSYoungGen      total 442368K, used 54248K [0x00000000d5580000, 0x00000000fc300000, 0x0000000100000000)
  eden space 388096K, 0% used [0x00000000d5580000,0x00000000d5580000,0x00000000ed080000)
  from space 54272K, 99% used [0x00000000ed080000,0x00000000f057a120,0x00000000f0580000)
  to   space 94208K, 0% used [0x00000000f6700000,0x00000000f6700000,0x00000000fc300000)
 ParOldGen       total 173568K, used 173295K [0x0000000080000000, 0x000000008a980000, 0x00000000d5580000)
  object space 173568K, 99% used [0x0000000080000000,0x000000008a93bcf0,0x000000008a980000)
 Metaspace       used 92876K, capacity 97528K, committed 97624K, reserved 1134592K
  class space    used 12259K, capacity 13151K, committed 13184K, reserved 1048576K
Event: 638.149 GC heap after
Heap after GC invocations=22 (full 5):
 PSYoungGen      total 442368K, used 0K [0x00000000d5580000, 0x00000000fc300000, 0x0000000100000000)
  eden space 388096K, 0% used [0x00000000d5580000,0x00000000d5580000,0x00000000ed080000)
  from space 54272K, 0% used [0x00000000ed080000,0x00000000ed080000,0x00000000f0580000)
  to   space 94208K, 0% used [0x00000000f6700000,0x00000000f6700000,0x00000000fc300000)
 ParOldGen       total 260608K, used 166454K [0x0000000080000000, 0x000000008fe80000, 0x00000000d5580000)
  object space 260608K, 63% used [0x0000000080000000,0x000000008a28d878,0x000000008fe80000)
 Metaspace       used 92876K, capacity 97528K, committed 97624K, reserved 1134592K
  class space    used 12259K, capacity 13151K, committed 13184K, reserved 1048576K
}

